<?xml version="1.0" encoding="UTF-8"?>
<!-- Generated by org.testng.reporters.JUnitXMLReporter -->
<testsuite ignored="2" hostname="ahmed-tag" failures="0" tests="1" name="Command line test" time="7.333" errors="0" timestamp="22 Feb 2022 23:32:32 GMT">
  <testcase classname="tests.UserRegistrationTest" name="UserCanRegisterSuccssfully" time="7.309"/>
  <testcase classname="tests.TestBase" name="@BeforeSuite startDriver" time="0.0">
    <ignored/>
  </testcase> <!-- @BeforeSuite startDriver -->
  <testcase classname="tests.TestBase" name="@AfterSuite stopDriver" time="0.0">
    <ignored/>
  </testcase> <!-- @AfterSuite stopDriver -->
</testsuite> <!-- Command line test -->
